  main.cpp
D:\программы\matematic\project\matematic\test\lab1\mymath\funct.h(31,33): error C3520: "Args": пакет параметров должен раскрываться в этом контексте
  (компиляция исходного файла "../main.cpp")
  
D:\программы\matematic\project\matematic\test\lab1\mymath\funct.h(31,33): error C3376: "Function::funcPtr": разрешены только шаблоны статических элементов данных
  (компиляция исходного файла "../main.cpp")
  
D:\программы\matematic\project\matematic\test\lab1\mymath\funct.h(20,16): error C3245: "Function::funcPtr": для использование шаблона переменной требуется список аргументов шаблона
  (компиляция исходного файла "../main.cpp")
  D:\программы\matematic\project\matematic\test\lab1\mymath\funct.h(31,33):
   см. объявление "Function::funcPtr"
  D:\программы\matematic\project\matematic\test\lab1\mymath\funct.h(20,23):
  "funcPtr": объявление функции должно быть доступно, так как ни один из аргументов не зависит от параметра шаблона
  D:\программы\matematic\project\matematic\test\lab1\mymath\funct.h(18,12):
  Сообщение диагностики возникло в созданной компилятором функции "double Function::operator ()(Args...) const"
  
D:\программы\matematic\project\matematic\test\lab1\main.cpp(189,22): error C2371: a: переопределение; различные базовые типы
  D:\программы\matematic\project\matematic\test\lab1\main.cpp(27,21):
   см. объявление "a"
  
D:\программы\matematic\project\matematic\test\lab1\main.cpp(190,42): error C2088: встроенный оператор "<<" не может быть применен к операнду типа "std::basic_ostream<char,std::char_traits<char>>"
